2021-01-28 18:31:19 Notice: Notice (1024): Undefined property: ArticlesController::$Array in C:\xampp\htdocs\cms\cms\src\Controller\ArticlesController.php on line 37 in [C:\xampp\htdocs\cms\cms\vendor\cakephp\cakephp\src\Controller\Controller.php, line 321]
Request URL: /articles/add
Referer URL: http://localhost:8765/articles/add
Trace:
Cake\Error\BaseErrorHandler::handleError() - CORE\src\Error\BaseErrorHandler.php, line 188
DebugKit\Plugin::DebugKit\{closure}() - ROOT\vendor\cakephp\debug_kit\src\Plugin.php, line 105
Cake\Controller\Controller::__get() - CORE\src\Controller\Controller.php, line 321
App\Controller\ArticlesController::add() - APP/Controller\ArticlesController.php, line 37
Cake\Controller\Controller::invokeAction() - CORE\src\Controller\Controller.php, line 531
Cake\Controller\ControllerFactory::invoke() - CORE\src\Controller\ControllerFactory.php, line 151
Cake\Http\BaseApplication::handle() - CORE\src\Http\BaseApplication.php, line 313
Cake\Http\Runner::handle() - CORE\src\Http\Runner.php, line 77
Cake\Http\Middleware\CsrfProtectionMiddleware::process() - CORE\src\Http\Middleware\CsrfProtectionMiddleware.php, line 169
Cake\Http\Runner::handle() - CORE\src\Http\Runner.php, line 73
Cake\Http\Middleware\BodyParserMiddleware::process() - CORE\src\Http\Middleware\BodyParserMiddleware.php, line 164
Cake\Http\Runner::handle() - CORE\src\Http\Runner.php, line 73
Cake\Routing\Middleware\RoutingMiddleware::process() - CORE\src\Routing\Middleware\RoutingMiddleware.php, line 161
Cake\Http\Runner::handle() - CORE\src\Http\Runner.php, line 73
Cake\Routing\Middleware\AssetMiddleware::process() - CORE\src\Routing\Middleware\AssetMiddleware.php, line 68
Cake\Http\Runner::handle() - CORE\src\Http\Runner.php, line 73
Cake\Error\Middleware\ErrorHandlerMiddleware::process() - CORE\src\Error\Middleware\ErrorHandlerMiddleware.php, line 126
Cake\Http\Runner::handle() - CORE\src\Http\Runner.php, line 73
DebugKit\Middleware\DebugKitMiddleware::process() - ROOT\vendor\cakephp\debug_kit\src\Middleware\DebugKitMiddleware.php, line 60
Cake\Http\Runner::handle() - CORE\src\Http\Runner.php, line 73
Cake\Http\Runner::run() - CORE\src\Http\Runner.php, line 58
Cake\Http\Server::run() - CORE\src\Http\Server.php, line 90
[main] - ROOT\webroot\index.php, line 40

2021-01-29 18:56:12 Info: Cake Authorization plugin is enabled. If you would like to force DebugKit to ignore it, set `DebugKit.ignoreAuthorization`  Configure option to true.
2021-01-29 18:56:42 Info: Cake Authorization plugin is enabled. If you would like to force DebugKit to ignore it, set `DebugKit.ignoreAuthorization`  Configure option to true.
2021-01-29 18:57:14 Info: Cake Authorization plugin is enabled. If you would like to force DebugKit to ignore it, set `DebugKit.ignoreAuthorization`  Configure option to true.
2021-01-29 18:57:48 Info: Cake Authorization plugin is enabled. If you would like to force DebugKit to ignore it, set `DebugKit.ignoreAuthorization`  Configure option to true.
2021-01-29 19:02:36 Info: Cake Authorization plugin is enabled. If you would like to force DebugKit to ignore it, set `DebugKit.ignoreAuthorization`  Configure option to true.
